<?xml version="1.0" encoding="utf-8"?><testsuites name="pytest tests"><testsuite name="pytest" errors="0" failures="0" skipped="0" tests="27" time="1.283" timestamp="2026-01-20T17:20:23.515976+00:00" hostname="agent-env-9e8a3856-5de8-4575-95a6-a853be86d760"><testcase classname="tests.test_winestudy_api.TestGrapesAPI" name="test_get_all_grapes_returns_81" time="0.080" /><testcase classname="tests.test_winestudy_api.TestGrapesAPI" name="test_filter_grapes_by_type_red" time="0.046" /><testcase classname="tests.test_winestudy_api.TestGrapesAPI" name="test_filter_grapes_by_type_white" time="0.044" /><testcase classname="tests.test_winestudy_api.TestGrapesAPI" name="test_filter_grapes_by_aroma_cherry" time="0.035" /><testcase classname="tests.test_winestudy_api.TestGrapesAPI" name="test_filter_grapes_by_aroma_blackberry" time="0.035" /><testcase classname="tests.test_winestudy_api.TestGrapesAPI" name="test_get_single_grape_cabernet_sauvignon" time="0.034" /><testcase classname="tests.test_winestudy_api.TestGrapesAPI" name="test_get_nonexistent_grape_returns_404" time="0.040" /><testcase classname="tests.test_winestudy_api.TestStudyTracksAPI" name="test_get_all_tracks_returns_3" time="0.039" /><testcase classname="tests.test_winestudy_api.TestStudyTracksAPI" name="test_basic_track_has_5_lessons" time="0.039" /><testcase classname="tests.test_winestudy_api.TestStudyTracksAPI" name="test_intermediate_track_has_8_lessons" time="0.037" /><testcase classname="tests.test_winestudy_api.TestStudyTracksAPI" name="test_advanced_track_has_10_lessons" time="0.032" /><testcase classname="tests.test_winestudy_api.TestStudyTracksAPI" name="test_get_advanced_lessons_returns_10" time="0.035" /><testcase classname="tests.test_winestudy_api.TestStudyTracksAPI" name="test_get_basic_lessons_returns_5" time="0.041" /><testcase classname="tests.test_winestudy_api.TestStudyTracksAPI" name="test_get_intermediate_lessons_returns_8" time="0.037" /><testcase classname="tests.test_winestudy_api.TestTastingsAPI" name="test_get_tastings_requires_auth" time="0.075" /><testcase classname="tests.test_winestudy_api.TestTastingsAPI" name="test_get_tastings_with_auth" time="0.041" /><testcase classname="tests.test_winestudy_api.TestTastingsAPI" name="test_create_tasting" time="0.070" /><testcase classname="tests.test_winestudy_api.TestTastingsAPI" name="test_get_tasting_by_id" time="0.073" /><testcase classname="tests.test_winestudy_api.TestTastingsAPI" name="test_get_nonexistent_tasting_returns_404" time="0.037" /><testcase classname="tests.test_winestudy_api.TestAromasAPI" name="test_get_all_aromas" time="0.035" /><testcase classname="tests.test_winestudy_api.TestAromasAPI" name="test_filter_aromas_by_category" time="0.034" /><testcase classname="tests.test_winestudy_api.TestAuthAPI" name="test_auth_me_requires_auth" time="0.030" /><testcase classname="tests.test_winestudy_api.TestAuthAPI" name="test_auth_me_with_valid_token" time="0.040" /><testcase classname="tests.test_winestudy_api.TestCountriesAndRegionsAPI" name="test_get_countries" time="0.032" /><testcase classname="tests.test_winestudy_api.TestCountriesAndRegionsAPI" name="test_filter_countries_by_world_type" time="0.036" /><testcase classname="tests.test_winestudy_api.TestCountriesAndRegionsAPI" name="test_get_regions" time="0.036" /><testcase classname="tests.test_winestudy_api.TestCountriesAndRegionsAPI" name="test_filter_regions_by_country" time="0.038" /></testsuite></testsuites>